<?xml version="1.0" encoding="UTF-8"?>
<!-- Generated by org.testng.reporters.JUnitReportReporter -->
<testsuite hostname="MXLRCWKS00019" failures="0" tests="1" name="Test.Login" time="7.445" errors="0" timestamp="4 Mar 2021 22:28:44 GMT">
  <testcase classname="Test.Login" name="login" time="7.445"/>
</testsuite> <!-- Test.Login -->
