<?xml version="1.0" encoding="UTF-8"?>
<!-- Generated by org.testng.reporters.JUnitReportReporter -->
<testsuite hostname="MXLRCWKS00019" failures="0" tests="1" name="Test.Login" time="8.213" errors="0" timestamp="3 Mar 2021 02:23:02 GMT">
  <testcase classname="Test.Login" name="login" time="8.213"/>
</testsuite> <!-- Test.Login -->
