<?xml version="1.0" encoding="UTF-8"?>
<!-- Generated by org.testng.reporters.JUnitReportReporter -->
<testsuite hostname="MXLRCWKS00019" failures="0" tests="1" name="Test.Global" time="0.019" errors="0" timestamp="3 Mar 2021 04:32:54 GMT">
  <testcase classname="Test.Global" name="testeo" time="0.019"/>
</testsuite> <!-- Test.Global -->
