<?xml version="1.0" encoding="UTF-8"?>
<!-- Generated by org.testng.reporters.JUnitReportReporter -->
<testsuite hostname="MXLRCWKS00019" failures="0" tests="1" name="Test.Empresas" time="0.004" errors="0" timestamp="3 Mar 2021 02:23:02 GMT">
  <testcase classname="Test.Empresas" name="login" time="0.004"/>
</testsuite> <!-- Test.Empresas -->
