<?xml version="1.0" encoding="UTF-8"?>
<!-- Generated by org.testng.reporters.JUnitReportReporter -->
<testsuite hostname="MXLRCWKS00019" failures="0" tests="1" name="Test.Empresas" time="25.128" errors="0" timestamp="4 Mar 2021 22:28:44 GMT">
  <testcase classname="Test.Empresas" name="selempresa" time="25.128"/>
</testsuite> <!-- Test.Empresas -->
