<?xml version="1.0" encoding="UTF-8"?>
<!-- Generated by org.testng.reporters.JUnitReportReporter -->
<<<<<<< HEAD
<testsuite hostname="MXLRCWKS00019" failures="0" tests="1" name="Test.Login" time="8.213" errors="0" timestamp="3 Mar 2021 02:23:02 GMT">
  <testcase classname="Test.Login" name="login" time="8.213"/>
=======
<testsuite hostname="MXLRCWKS00019" failures="0" tests="1" name="Test.Login" time="8.807" errors="0" timestamp="2 Mar 2021 15:42:58 GMT">
  <testcase classname="Test.Login" name="login" time="8.807"/>
>>>>>>> d25511e98f7256735bea874bfc420ead5860698a
</testsuite> <!-- Test.Login -->
