<?xml version="1.0" encoding="UTF-8"?>
<!-- Generated by org.testng.reporters.JUnitReportReporter -->
<testsuite hostname="MXLRCWKS00019" failures="0" tests="1" name="Test.Empresas" time="10.207" errors="0" timestamp="3 Mar 2021 04:32:54 GMT">
  <testcase classname="Test.Empresas" name="selempresa" time="10.207"/>
</testsuite> <!-- Test.Empresas -->
