<?xml version="1.0" encoding="UTF-8"?>
<!-- Generated by org.testng.reporters.JUnitReportReporter -->
<testsuite hostname="MXLRCWKS00019" failures="0" tests="1" name="Test.Stop" time="2.102" errors="0" timestamp="5 Mar 2021 03:27:09 GMT">
  <testcase classname="Test.Stop" name="selempresa" time="2.102"/>
</testsuite> <!-- Test.Stop -->
