<?xml version="1.0" encoding="UTF-8"?>
<!-- Generated by org.testng.reporters.JUnitReportReporter -->
<testsuite hostname="MXLRCWKS00019" failures="0" tests="1" name="Test.ControlTrack" time="1.209" errors="0" timestamp="1 Mar 2021 16:10:23 GMT">
  <testcase classname="Test.ControlTrack" name="test" time="1.209"/>
</testsuite> <!-- Test.ControlTrack -->
