<?xml version="1.0" encoding="UTF-8"?>
<!-- Generated by org.testng.reporters.JUnitReportReporter -->
<testsuite hostname="MXLRCWKS00019" failures="0" tests="1" name="Test.Login" time="9.379" errors="0" timestamp="3 Mar 2021 04:32:54 GMT">
  <testcase classname="Test.Login" name="login" time="9.379"/>
</testsuite> <!-- Test.Login -->
