<?xml version="1.0" encoding="UTF-8"?>
<!-- Generated by org.testng.reporters.JUnitReportReporter -->
<testsuite hostname="MXLRCWKS00019" failures="0" tests="1" name="Test.Whats" time="6.651" errors="0" timestamp="13 Jan 2021 03:00:26 GMT">
  <testcase classname="Test.Whats" name="test" time="6.651"/>
</testsuite> <!-- Test.Whats -->
