<?xml version="1.0" encoding="UTF-8"?>
<!-- Generated by org.testng.reporters.JUnitReportReporter -->
<testsuite hostname="MXLRCWKS00019" failures="0" tests="1" name="Test.Login" time="6.748" errors="0" timestamp="5 Mar 2021 03:27:09 GMT">
  <testcase classname="Test.Login" name="login" time="6.748"/>
</testsuite> <!-- Test.Login -->
