<?xml version="1.0" encoding="UTF-8"?>
<!-- Generated by org.testng.reporters.JUnitReportReporter -->
<testsuite hostname="MXLRCWKS00019" failures="0" tests="1" name="Test.Login" time="0.009" errors="0" timestamp="12 Apr 2021 17:58:53 GMT">
  <testcase classname="Test.Login" name="login" time="0.009"/>
</testsuite> <!-- Test.Login -->
