<?xml version="1.0" encoding="UTF-8"?>
<!-- Generated by org.testng.reporters.JUnitReportReporter -->
<testsuite hostname="MXLRCWKS00019" failures="0" tests="1" name="Test.ControlTrack" time="0.008" errors="0" timestamp="13 Jan 2021 01:49:52 GMT">
  <testcase classname="Test.ControlTrack" name="test" time="0.008"/>
</testsuite> <!-- Test.ControlTrack -->
