<?xml version="1.0" encoding="UTF-8"?>
<!-- Generated by org.testng.reporters.JUnitReportReporter -->
<testsuite hostname="MXLRCWKS00019" failures="0" tests="2" name="Test.Navegador" time="0.003" errors="0" timestamp="13 Jan 2021 01:23:55 GMT">
  <testcase classname="Test.Navegador" name="test2" time="0.000"/>
  <testcase classname="Test.Navegador" name="test" time="0.003"/>
</testsuite> <!-- Test.Navegador -->
