<?xml version="1.0" encoding="UTF-8"?>
<!-- Generated by org.testng.reporters.JUnitReportReporter -->
<testsuite hostname="MXLRCWKS00019" failures="0" tests="1" name="Test.Login" time="6.913" errors="0" timestamp="3 Mar 2021 04:07:03 GMT">
  <testcase classname="Test.Login" name="login" time="6.913"/>
</testsuite> <!-- Test.Login -->
