<?xml version="1.0" encoding="UTF-8"?>
<!-- Generated by org.testng.reporters.JUnitReportReporter -->
<testsuite hostname="MXLRCWKS00019" failures="0" tests="1" name="Test.Viaje" time="0.002" errors="0" timestamp="20 Mar 2021 00:11:39 GMT">
  <testcase classname="Test.Viaje" name="selempresa" time="0.002"/>
</testsuite> <!-- Test.Viaje -->
